[1.843s] DEBUG:colcon:Command line arguments: ['/usr/bin/colcon', 'build', '--packages-select', 'assignment1']
[1.843s] DEBUG:colcon:Parsed command line arguments: Namespace(allow_overriding=[], ament_cmake_args=None, base_paths=['.'], build_base='build', catkin_cmake_args=None, catkin_skip_building_tests=False, cmake_args=None, cmake_clean_cache=False, cmake_clean_first=False, cmake_force_configure=False, cmake_target=None, cmake_target_skip_unavailable=False, continue_on_error=False, event_handlers=None, executor='parallel', ignore_user_meta=False, install_base='install', log_base=None, log_level=None, main=<bound method BuildVerb.main of <colcon_core.verb.build.BuildVerb object at 0x7f3b6cb05730>>, merge_install=False, metas=['./colcon.meta'], packages_above=None, packages_above_and_dependencies=None, packages_above_depth=None, packages_end=None, packages_ignore=None, packages_ignore_regex=None, packages_select=['assignment1'], packages_select_build_failed=False, packages_select_by_dep=None, packages_select_regex=None, packages_select_test_failures=False, packages_skip=None, packages_skip_build_finished=False, packages_skip_by_dep=None, packages_skip_regex=None, packages_skip_test_passed=False, packages_skip_up_to=None, packages_start=None, packages_up_to=None, packages_up_to_regex=None, parallel_workers=8, paths=None, symlink_install=False, test_result_base=None, verb_extension=<colcon_core.verb.build.BuildVerb object at 0x7f3b6cb05730>, verb_name='build', verb_parser=<colcon_defaults.argument_parser.defaults.DefaultArgumentsDecorator object at 0x7f3b6c957910>)
[1.926s] Level 1:colcon.colcon_core.package_discovery:discover_packages(colcon_meta) check parameters
[1.927s] Level 1:colcon.colcon_core.package_discovery:discover_packages(recursive) check parameters
[1.927s] Level 1:colcon.colcon_core.package_discovery:discover_packages(ignore) check parameters
[1.927s] Level 1:colcon.colcon_core.package_discovery:discover_packages(path) check parameters
[1.927s] Level 1:colcon.colcon_core.package_discovery:discover_packages(colcon_meta) discover
[1.927s] Level 1:colcon.colcon_core.package_discovery:discover_packages(recursive) discover
[1.927s] INFO:colcon.colcon_core.package_discovery:Crawling recursively for packages in '/home/iremcagin/ros2_hw1_ws'
[1.927s] Level 1:colcon.colcon_core.package_identification:_identify(.) by extensions ['ignore', 'ignore_ament_install']
[1.927s] Level 1:colcon.colcon_core.package_identification:_identify(.) by extension 'ignore'
[1.927s] Level 1:colcon.colcon_core.package_identification:_identify(.) by extension 'ignore_ament_install'
[1.927s] Level 1:colcon.colcon_core.package_identification:_identify(.) by extensions ['colcon_pkg']
[1.927s] Level 1:colcon.colcon_core.package_identification:_identify(.) by extension 'colcon_pkg'
[1.927s] Level 1:colcon.colcon_core.package_identification:_identify(.) by extensions ['colcon_meta']
[1.927s] Level 1:colcon.colcon_core.package_identification:_identify(.) by extension 'colcon_meta'
[1.927s] Level 1:colcon.colcon_core.package_identification:_identify(.) by extensions ['ros']
[1.927s] Level 1:colcon.colcon_core.package_identification:_identify(.) by extension 'ros'
[1.936s] Level 1:colcon.colcon_core.package_identification:_identify(.) by extensions ['cmake', 'python']
[1.936s] Level 1:colcon.colcon_core.package_identification:_identify(.) by extension 'cmake'
[1.936s] Level 1:colcon.colcon_core.package_identification:_identify(.) by extension 'python'
[1.936s] Level 1:colcon.colcon_core.package_identification:_identify(.) by extensions ['python_setup_py']
[1.936s] Level 1:colcon.colcon_core.package_identification:_identify(.) by extension 'python_setup_py'
[1.936s] Level 1:colcon.colcon_core.package_identification:_identify(build) by extensions ['ignore', 'ignore_ament_install']
[1.936s] Level 1:colcon.colcon_core.package_identification:_identify(build) by extension 'ignore'
[1.936s] Level 1:colcon.colcon_core.package_identification:_identify(build) ignored
[1.937s] Level 1:colcon.colcon_core.package_identification:_identify(install) by extensions ['ignore', 'ignore_ament_install']
[1.937s] Level 1:colcon.colcon_core.package_identification:_identify(install) by extension 'ignore'
[1.937s] Level 1:colcon.colcon_core.package_identification:_identify(install) ignored
[1.937s] Level 1:colcon.colcon_core.package_identification:_identify(log) by extensions ['ignore', 'ignore_ament_install']
[1.937s] Level 1:colcon.colcon_core.package_identification:_identify(log) by extension 'ignore'
[1.937s] Level 1:colcon.colcon_core.package_identification:_identify(log) ignored
[1.937s] Level 1:colcon.colcon_core.package_identification:_identify(src) by extensions ['ignore', 'ignore_ament_install']
[1.937s] Level 1:colcon.colcon_core.package_identification:_identify(src) by extension 'ignore'
[1.937s] Level 1:colcon.colcon_core.package_identification:_identify(src) by extension 'ignore_ament_install'
[1.937s] Level 1:colcon.colcon_core.package_identification:_identify(src) by extensions ['colcon_pkg']
[1.937s] Level 1:colcon.colcon_core.package_identification:_identify(src) by extension 'colcon_pkg'
[1.937s] Level 1:colcon.colcon_core.package_identification:_identify(src) by extensions ['colcon_meta']
[1.937s] Level 1:colcon.colcon_core.package_identification:_identify(src) by extension 'colcon_meta'
[1.937s] Level 1:colcon.colcon_core.package_identification:_identify(src) by extensions ['ros']
[1.937s] Level 1:colcon.colcon_core.package_identification:_identify(src) by extension 'ros'
[1.937s] Level 1:colcon.colcon_core.package_identification:_identify(src) by extensions ['cmake', 'python']
[1.937s] Level 1:colcon.colcon_core.package_identification:_identify(src) by extension 'cmake'
[1.937s] Level 1:colcon.colcon_core.package_identification:_identify(src) by extension 'python'
[1.937s] Level 1:colcon.colcon_core.package_identification:_identify(src) by extensions ['python_setup_py']
[1.937s] Level 1:colcon.colcon_core.package_identification:_identify(src) by extension 'python_setup_py'
[1.938s] Level 1:colcon.colcon_core.package_identification:_identify(src/assignment1) by extensions ['ignore', 'ignore_ament_install']
[1.938s] Level 1:colcon.colcon_core.package_identification:_identify(src/assignment1) by extension 'ignore'
[1.938s] Level 1:colcon.colcon_core.package_identification:_identify(src/assignment1) by extension 'ignore_ament_install'
[1.938s] Level 1:colcon.colcon_core.package_identification:_identify(src/assignment1) by extensions ['colcon_pkg']
[1.938s] Level 1:colcon.colcon_core.package_identification:_identify(src/assignment1) by extension 'colcon_pkg'
[1.938s] Level 1:colcon.colcon_core.package_identification:_identify(src/assignment1) by extensions ['colcon_meta']
[1.938s] Level 1:colcon.colcon_core.package_identification:_identify(src/assignment1) by extension 'colcon_meta'
[1.938s] Level 1:colcon.colcon_core.package_identification:_identify(src/assignment1) by extensions ['ros']
[1.938s] Level 1:colcon.colcon_core.package_identification:_identify(src/assignment1) by extension 'ros'
[1.940s] DEBUG:colcon.colcon_core.package_identification:Package 'src/assignment1' with type 'ros.ament_cmake' and name 'assignment1'
[1.940s] Level 1:colcon.colcon_core.package_discovery:discover_packages(recursive) using defaults
[1.940s] Level 1:colcon.colcon_core.package_discovery:discover_packages(ignore) discover
[1.940s] Level 1:colcon.colcon_core.package_discovery:discover_packages(ignore) using defaults
[1.940s] Level 1:colcon.colcon_core.package_discovery:discover_packages(path) discover
[1.940s] Level 1:colcon.colcon_core.package_discovery:discover_packages(path) using defaults
[2.107s] Level 1:colcon.colcon_core.package_discovery:discover_packages(prefix_path) check parameters
[2.108s] Level 1:colcon.colcon_core.package_discovery:discover_packages(prefix_path) discover
[2.171s] DEBUG:colcon.colcon_installed_package_information.package_discovery:Found 1 installed packages in /home/iremcagin/ros2_ws/install
[2.203s] DEBUG:colcon.colcon_installed_package_information.package_discovery:Found 373 installed packages in /opt/ros/foxy
[2.204s] Level 1:colcon.colcon_core.package_discovery:discover_packages(prefix_path) using defaults
[2.347s] Level 5:colcon.colcon_core.verb:set package 'assignment1' build argument 'cmake_args' from command line to 'None'
[2.347s] Level 5:colcon.colcon_core.verb:set package 'assignment1' build argument 'cmake_target' from command line to 'None'
[2.347s] Level 5:colcon.colcon_core.verb:set package 'assignment1' build argument 'cmake_target_skip_unavailable' from command line to 'False'
[2.347s] Level 5:colcon.colcon_core.verb:set package 'assignment1' build argument 'cmake_clean_cache' from command line to 'False'
[2.347s] Level 5:colcon.colcon_core.verb:set package 'assignment1' build argument 'cmake_clean_first' from command line to 'False'
[2.347s] Level 5:colcon.colcon_core.verb:set package 'assignment1' build argument 'cmake_force_configure' from command line to 'False'
[2.347s] Level 5:colcon.colcon_core.verb:set package 'assignment1' build argument 'ament_cmake_args' from command line to 'None'
[2.347s] Level 5:colcon.colcon_core.verb:set package 'assignment1' build argument 'catkin_cmake_args' from command line to 'None'
[2.347s] Level 5:colcon.colcon_core.verb:set package 'assignment1' build argument 'catkin_skip_building_tests' from command line to 'False'
[2.347s] DEBUG:colcon.colcon_core.verb:Building package 'assignment1' with the following arguments: {'ament_cmake_args': None, 'build_base': '/home/iremcagin/ros2_hw1_ws/build/assignment1', 'catkin_cmake_args': None, 'catkin_skip_building_tests': False, 'cmake_args': None, 'cmake_clean_cache': False, 'cmake_clean_first': False, 'cmake_force_configure': False, 'cmake_target': None, 'cmake_target_skip_unavailable': False, 'install_base': '/home/iremcagin/ros2_hw1_ws/install/assignment1', 'merge_install': False, 'path': '/home/iremcagin/ros2_hw1_ws/src/assignment1', 'symlink_install': False, 'test_result_base': None}
[2.379s] INFO:colcon.colcon_core.executor:Executing jobs using 'parallel' executor
[2.411s] DEBUG:colcon.colcon_parallel_executor.executor.parallel:run_until_complete
[2.411s] INFO:colcon.colcon_ros.task.ament_cmake.build:Building ROS package in '/home/iremcagin/ros2_hw1_ws/src/assignment1' with build type 'ament_cmake'
[2.411s] INFO:colcon.colcon_cmake.task.cmake.build:Building CMake package in '/home/iremcagin/ros2_hw1_ws/src/assignment1'
[2.444s] INFO:colcon.colcon_core.plugin_system:Skipping extension 'colcon_core.shell.bat': Not used on non-Windows systems
[2.444s] INFO:colcon.colcon_core.shell:Skip shell extension 'powershell' for command environment: Not usable outside of PowerShell
[2.444s] DEBUG:colcon.colcon_core.shell:Skip shell extension 'dsv' for command environment
[2.549s] DEBUG:colcon.colcon_core.event_handler.log_command:Invoking command in '/home/iremcagin/ros2_hw1_ws/build/assignment1': CMAKE_PREFIX_PATH=${CMAKE_PREFIX_PATH}:/opt/ros/foxy /usr/bin/cmake /home/iremcagin/ros2_hw1_ws/src/assignment1 -DCMAKE_INSTALL_PREFIX=/home/iremcagin/ros2_hw1_ws/install/assignment1
[3.852s] DEBUG:colcon.colcon_core.event_handler.log_command:Invoked command in '/home/iremcagin/ros2_hw1_ws/build/assignment1' returned '0': CMAKE_PREFIX_PATH=${CMAKE_PREFIX_PATH}:/opt/ros/foxy /usr/bin/cmake /home/iremcagin/ros2_hw1_ws/src/assignment1 -DCMAKE_INSTALL_PREFIX=/home/iremcagin/ros2_hw1_ws/install/assignment1
[3.855s] DEBUG:colcon.colcon_core.event_handler.log_command:Invoking command in '/home/iremcagin/ros2_hw1_ws/build/assignment1': CMAKE_PREFIX_PATH=${CMAKE_PREFIX_PATH}:/opt/ros/foxy /usr/bin/cmake --build /home/iremcagin/ros2_hw1_ws/build/assignment1 -- -j8 -l8
[3.889s] DEBUG:colcon.colcon_core.event_handler.log_command:Invoked command in '/home/iremcagin/ros2_hw1_ws/build/assignment1' returned '0': CMAKE_PREFIX_PATH=${CMAKE_PREFIX_PATH}:/opt/ros/foxy /usr/bin/cmake --build /home/iremcagin/ros2_hw1_ws/build/assignment1 -- -j8 -l8
[3.919s] DEBUG:colcon.colcon_core.event_handler.log_command:Invoking command in '/home/iremcagin/ros2_hw1_ws/build/assignment1': CMAKE_PREFIX_PATH=${CMAKE_PREFIX_PATH}:/opt/ros/foxy /usr/bin/cmake --install /home/iremcagin/ros2_hw1_ws/build/assignment1
[3.959s] Level 1:colcon.colcon_core.environment:create_environment_scripts_only(assignment1)
[3.959s] DEBUG:colcon.colcon_core.event_handler.log_command:Invoked command in '/home/iremcagin/ros2_hw1_ws/build/assignment1' returned '0': CMAKE_PREFIX_PATH=${CMAKE_PREFIX_PATH}:/opt/ros/foxy /usr/bin/cmake --install /home/iremcagin/ros2_hw1_ws/build/assignment1
[3.995s] Level 1:colcon.colcon_core.environment:checking '/home/iremcagin/ros2_hw1_ws/install/assignment1' for CMake module files
[3.995s] Level 1:colcon.colcon_core.environment:checking '/home/iremcagin/ros2_hw1_ws/install/assignment1' for CMake config files
[3.996s] Level 1:colcon.colcon_core.shell:create_environment_hook('assignment1', 'cmake_prefix_path')
[4.031s] INFO:colcon.colcon_core.shell:Creating environment hook '/home/iremcagin/ros2_hw1_ws/install/assignment1/share/assignment1/hook/cmake_prefix_path.ps1'
[4.032s] INFO:colcon.colcon_core.shell:Creating environment descriptor '/home/iremcagin/ros2_hw1_ws/install/assignment1/share/assignment1/hook/cmake_prefix_path.dsv'
[4.032s] INFO:colcon.colcon_core.shell:Creating environment hook '/home/iremcagin/ros2_hw1_ws/install/assignment1/share/assignment1/hook/cmake_prefix_path.sh'
[4.033s] Level 1:colcon.colcon_core.environment:checking '/home/iremcagin/ros2_hw1_ws/install/assignment1/lib'
[4.033s] Level 1:colcon.colcon_core.environment:checking '/home/iremcagin/ros2_hw1_ws/install/assignment1/bin'
[4.033s] Level 1:colcon.colcon_core.environment:checking '/home/iremcagin/ros2_hw1_ws/install/assignment1/lib/pkgconfig/assignment1.pc'
[4.033s] Level 1:colcon.colcon_core.environment:checking '/home/iremcagin/ros2_hw1_ws/install/assignment1/lib/python3.8/site-packages'
[4.033s] Level 1:colcon.colcon_core.shell:create_environment_hook('assignment1', 'pythonpath')
[4.069s] INFO:colcon.colcon_core.shell:Creating environment hook '/home/iremcagin/ros2_hw1_ws/install/assignment1/share/assignment1/hook/pythonpath.ps1'
[4.070s] INFO:colcon.colcon_core.shell:Creating environment descriptor '/home/iremcagin/ros2_hw1_ws/install/assignment1/share/assignment1/hook/pythonpath.dsv'
[4.070s] INFO:colcon.colcon_core.shell:Creating environment hook '/home/iremcagin/ros2_hw1_ws/install/assignment1/share/assignment1/hook/pythonpath.sh'
[4.070s] Level 1:colcon.colcon_core.environment:checking '/home/iremcagin/ros2_hw1_ws/install/assignment1/bin'
[4.105s] INFO:colcon.colcon_core.shell:Creating package script '/home/iremcagin/ros2_hw1_ws/install/assignment1/share/assignment1/package.ps1'
[4.105s] INFO:colcon.colcon_core.shell:Creating package descriptor '/home/iremcagin/ros2_hw1_ws/install/assignment1/share/assignment1/package.dsv'
[4.106s] INFO:colcon.colcon_core.shell:Creating package script '/home/iremcagin/ros2_hw1_ws/install/assignment1/share/assignment1/package.sh'
[4.106s] INFO:colcon.colcon_core.shell:Creating package script '/home/iremcagin/ros2_hw1_ws/install/assignment1/share/assignment1/package.bash'
[4.107s] INFO:colcon.colcon_core.shell:Creating package script '/home/iremcagin/ros2_hw1_ws/install/assignment1/share/assignment1/package.zsh'
[4.107s] Level 1:colcon.colcon_core.environment:create_file_with_runtime_dependencies(/home/iremcagin/ros2_hw1_ws/install/assignment1/share/colcon-core/packages/assignment1)
[4.160s] Level 1:colcon.colcon_core.environment:create_environment_scripts_only(assignment1)
[4.193s] Level 1:colcon.colcon_core.environment:checking '/home/iremcagin/ros2_hw1_ws/install/assignment1' for CMake module files
[4.193s] Level 1:colcon.colcon_core.environment:checking '/home/iremcagin/ros2_hw1_ws/install/assignment1' for CMake config files
[4.193s] Level 1:colcon.colcon_core.shell:create_environment_hook('assignment1', 'cmake_prefix_path')
[4.225s] INFO:colcon.colcon_core.shell:Creating environment hook '/home/iremcagin/ros2_hw1_ws/install/assignment1/share/assignment1/hook/cmake_prefix_path.ps1'
[4.226s] INFO:colcon.colcon_core.shell:Creating environment descriptor '/home/iremcagin/ros2_hw1_ws/install/assignment1/share/assignment1/hook/cmake_prefix_path.dsv'
[4.226s] INFO:colcon.colcon_core.shell:Creating environment hook '/home/iremcagin/ros2_hw1_ws/install/assignment1/share/assignment1/hook/cmake_prefix_path.sh'
[4.227s] Level 1:colcon.colcon_core.environment:checking '/home/iremcagin/ros2_hw1_ws/install/assignment1/lib'
[4.227s] Level 1:colcon.colcon_core.environment:checking '/home/iremcagin/ros2_hw1_ws/install/assignment1/bin'
[4.227s] Level 1:colcon.colcon_core.environment:checking '/home/iremcagin/ros2_hw1_ws/install/assignment1/lib/pkgconfig/assignment1.pc'
[4.227s] Level 1:colcon.colcon_core.environment:checking '/home/iremcagin/ros2_hw1_ws/install/assignment1/lib/python3.8/site-packages'
[4.227s] Level 1:colcon.colcon_core.shell:create_environment_hook('assignment1', 'pythonpath')
[4.259s] INFO:colcon.colcon_core.shell:Creating environment hook '/home/iremcagin/ros2_hw1_ws/install/assignment1/share/assignment1/hook/pythonpath.ps1'
[4.260s] INFO:colcon.colcon_core.shell:Creating environment descriptor '/home/iremcagin/ros2_hw1_ws/install/assignment1/share/assignment1/hook/pythonpath.dsv'
[4.260s] INFO:colcon.colcon_core.shell:Creating environment hook '/home/iremcagin/ros2_hw1_ws/install/assignment1/share/assignment1/hook/pythonpath.sh'
[4.260s] Level 1:colcon.colcon_core.environment:checking '/home/iremcagin/ros2_hw1_ws/install/assignment1/bin'
[4.292s] INFO:colcon.colcon_core.shell:Creating package script '/home/iremcagin/ros2_hw1_ws/install/assignment1/share/assignment1/package.ps1'
[4.292s] INFO:colcon.colcon_core.shell:Creating package descriptor '/home/iremcagin/ros2_hw1_ws/install/assignment1/share/assignment1/package.dsv'
[4.293s] INFO:colcon.colcon_core.shell:Creating package script '/home/iremcagin/ros2_hw1_ws/install/assignment1/share/assignment1/package.sh'
[4.293s] INFO:colcon.colcon_core.shell:Creating package script '/home/iremcagin/ros2_hw1_ws/install/assignment1/share/assignment1/package.bash'
[4.293s] INFO:colcon.colcon_core.shell:Creating package script '/home/iremcagin/ros2_hw1_ws/install/assignment1/share/assignment1/package.zsh'
[4.294s] Level 1:colcon.colcon_core.environment:create_file_with_runtime_dependencies(/home/iremcagin/ros2_hw1_ws/install/assignment1/share/colcon-core/packages/assignment1)
[4.294s] DEBUG:colcon.colcon_parallel_executor.executor.parallel:closing loop
[4.294s] DEBUG:colcon.colcon_parallel_executor.executor.parallel:loop closed
[4.294s] DEBUG:colcon.colcon_parallel_executor.executor.parallel:run_until_complete finished with '0'
[4.294s] DEBUG:colcon.colcon_core.event_reactor:joining thread
[4.332s] INFO:colcon.colcon_core.plugin_system:Skipping extension 'colcon_notification.desktop_notification.terminal_notifier': Not used on non-Darwin systems
[4.332s] INFO:colcon.colcon_core.plugin_system:Skipping extension 'colcon_notification.desktop_notification.win32': Not used on non-Windows systems
[4.332s] INFO:colcon.colcon_notification.desktop_notification:Sending desktop notification using 'notify2'
[4.343s] DEBUG:colcon.colcon_core.event_reactor:joined thread
[4.377s] INFO:colcon.colcon_core.shell:Creating prefix script '/home/iremcagin/ros2_hw1_ws/install/local_setup.ps1'
[4.377s] INFO:colcon.colcon_core.shell:Creating prefix util module '/home/iremcagin/ros2_hw1_ws/install/_local_setup_util_ps1.py'
[4.378s] INFO:colcon.colcon_core.shell:Creating prefix chain script '/home/iremcagin/ros2_hw1_ws/install/setup.ps1'
[4.412s] INFO:colcon.colcon_core.shell:Creating prefix script '/home/iremcagin/ros2_hw1_ws/install/local_setup.sh'
[4.412s] INFO:colcon.colcon_core.shell:Creating prefix util module '/home/iremcagin/ros2_hw1_ws/install/_local_setup_util_sh.py'
[4.413s] INFO:colcon.colcon_core.shell:Creating prefix chain script '/home/iremcagin/ros2_hw1_ws/install/setup.sh'
[4.446s] INFO:colcon.colcon_core.shell:Creating prefix script '/home/iremcagin/ros2_hw1_ws/install/local_setup.bash'
[4.446s] INFO:colcon.colcon_core.shell:Creating prefix chain script '/home/iremcagin/ros2_hw1_ws/install/setup.bash'
[4.481s] INFO:colcon.colcon_core.shell:Creating prefix script '/home/iremcagin/ros2_hw1_ws/install/local_setup.zsh'
[4.481s] INFO:colcon.colcon_core.shell:Creating prefix chain script '/home/iremcagin/ros2_hw1_ws/install/setup.zsh'
