-- Found ament_cmake: 0.9.12 (/opt/ros/foxy/share/ament_cmake/cmake)
-- Using PYTHON_EXECUTABLE: /usr/bin/python3
-- Override CMake install command with custom implementation using symlinks instead of copying resources
-- Found rclcpp: 2.4.3 (/opt/ros/foxy/share/rclcpp/cmake)
-- Using all available rosidl_typesupport_c: rosidl_typesupport_fastrtps_c;rosidl_typesupport_introspection_c
-- Found rosidl_adapter: 1.3.1 (/opt/ros/foxy/share/rosidl_adapter/cmake)
-- Using all available rosidl_typesupport_cpp: rosidl_typesupport_fastrtps_cpp;rosidl_typesupport_introspection_cpp
-- Found rmw_implementation_cmake: 1.0.4 (/opt/ros/foxy/share/rmw_implementation_cmake/cmake)
-- Using RMW implementation 'rmw_fastrtps_cpp' as default
-- Found rclpy: 1.0.13 (/opt/ros/foxy/share/rclpy/cmake)
-- Configuring done
-- Generating done
-- Build files have been written to: /home/iremcagin/ros2_hw1_ws/build/assignment1
-- Install configuration: ""
-- Execute custom install script
-- Symlinking: /home/iremcagin/ros2_hw1_ws/install/assignment1/share/assignment1/environment/pythonpath.sh
-- Symlinking: /home/iremcagin/ros2_hw1_ws/install/assignment1/share/assignment1/environment/pythonpath.dsv
-- Symlinking: /home/iremcagin/ros2_hw1_ws/install/assignment1/lib/python3.8/site-packages/assignment1/__init__.py
-- Symlinking: /home/iremcagin/ros2_hw1_ws/install/assignment1/lib/assignment1/cleaner.py
-- Symlinking: /home/iremcagin/ros2_hw1_ws/install/assignment1/lib/assignment1/tracker.py
-- Symlinking: /home/iremcagin/ros2_hw1_ws/install/assignment1/share/assignment1//launch/assignment1.launch.py
-- Symlinking: /home/iremcagin/ros2_hw1_ws/install/assignment1/share/ament_index/resource_index/package_run_dependencies/assignment1
-- Symlinking: /home/iremcagin/ros2_hw1_ws/install/assignment1/share/ament_index/resource_index/parent_prefix_path/assignment1
-- Symlinking: /home/iremcagin/ros2_hw1_ws/install/assignment1/share/assignment1/environment/ament_prefix_path.sh
-- Symlinking: /home/iremcagin/ros2_hw1_ws/install/assignment1/share/assignment1/environment/ament_prefix_path.dsv
-- Symlinking: /home/iremcagin/ros2_hw1_ws/install/assignment1/share/assignment1/environment/path.sh
-- Symlinking: /home/iremcagin/ros2_hw1_ws/install/assignment1/share/assignment1/environment/path.dsv
-- Symlinking: /home/iremcagin/ros2_hw1_ws/install/assignment1/share/assignment1/local_setup.bash
-- Symlinking: /home/iremcagin/ros2_hw1_ws/install/assignment1/share/assignment1/local_setup.sh
-- Symlinking: /home/iremcagin/ros2_hw1_ws/install/assignment1/share/assignment1/local_setup.zsh
-- Symlinking: /home/iremcagin/ros2_hw1_ws/install/assignment1/share/assignment1/local_setup.dsv
-- Symlinking: /home/iremcagin/ros2_hw1_ws/install/assignment1/share/assignment1/package.dsv
-- Symlinking: /home/iremcagin/ros2_hw1_ws/install/assignment1/share/ament_index/resource_index/packages/assignment1
-- Symlinking: /home/iremcagin/ros2_hw1_ws/install/assignment1/share/assignment1/cmake/assignment1Config.cmake
-- Symlinking: /home/iremcagin/ros2_hw1_ws/install/assignment1/share/assignment1/cmake/assignment1Config-version.cmake
-- Symlinking: /home/iremcagin/ros2_hw1_ws/install/assignment1/share/assignment1/package.xml
Listing '/home/iremcagin/ros2_hw1_ws/install/assignment1/lib/python3.8/site-packages/assignment1'...
