[0.139s] Invoking command in '/home/iremcagin/ros2_hw1_ws/build/assignment1': CMAKE_PREFIX_PATH=${CMAKE_PREFIX_PATH}:/opt/ros/foxy /usr/bin/cmake /home/iremcagin/ros2_hw1_ws/src/assignment1 -DAMENT_CMAKE_SYMLINK_INSTALL=1 -DCMAKE_INSTALL_PREFIX=/home/iremcagin/ros2_hw1_ws/install/assignment1
[0.151s] -- Found ament_cmake: 0.9.12 (/opt/ros/foxy/share/ament_cmake/cmake)
[0.169s] -- Using PYTHON_EXECUTABLE: /usr/bin/python3
[0.314s] -- Override CMake install command with custom implementation using symlinks instead of copying resources
[0.320s] -- Found rclcpp: 2.4.3 (/opt/ros/foxy/share/rclcpp/cmake)
[0.351s] -- Using all available rosidl_typesupport_c: rosidl_typesupport_fastrtps_c;rosidl_typesupport_introspection_c
[0.354s] -- Found rosidl_adapter: 1.3.1 (/opt/ros/foxy/share/rosidl_adapter/cmake)
[0.462s] -- Using all available rosidl_typesupport_cpp: rosidl_typesupport_fastrtps_cpp;rosidl_typesupport_introspection_cpp
[0.506s] -- Found rmw_implementation_cmake: 1.0.4 (/opt/ros/foxy/share/rmw_implementation_cmake/cmake)
[0.507s] -- Using RMW implementation 'rmw_fastrtps_cpp' as default
[0.638s] -- Found rclpy: 1.0.13 (/opt/ros/foxy/share/rclpy/cmake)
[0.690s] -- Configuring done
[0.692s] -- Generating done
[0.694s] -- Build files have been written to: /home/iremcagin/ros2_hw1_ws/build/assignment1
[0.699s] Invoked command in '/home/iremcagin/ros2_hw1_ws/build/assignment1' returned '0': CMAKE_PREFIX_PATH=${CMAKE_PREFIX_PATH}:/opt/ros/foxy /usr/bin/cmake /home/iremcagin/ros2_hw1_ws/src/assignment1 -DAMENT_CMAKE_SYMLINK_INSTALL=1 -DCMAKE_INSTALL_PREFIX=/home/iremcagin/ros2_hw1_ws/install/assignment1
[0.701s] Invoking command in '/home/iremcagin/ros2_hw1_ws/build/assignment1': CMAKE_PREFIX_PATH=${CMAKE_PREFIX_PATH}:/opt/ros/foxy /usr/bin/cmake --build /home/iremcagin/ros2_hw1_ws/build/assignment1 -- -j8 -l8
[0.736s] Invoked command in '/home/iremcagin/ros2_hw1_ws/build/assignment1' returned '0': CMAKE_PREFIX_PATH=${CMAKE_PREFIX_PATH}:/opt/ros/foxy /usr/bin/cmake --build /home/iremcagin/ros2_hw1_ws/build/assignment1 -- -j8 -l8
[0.766s] Invoking command in '/home/iremcagin/ros2_hw1_ws/build/assignment1': CMAKE_PREFIX_PATH=${CMAKE_PREFIX_PATH}:/opt/ros/foxy /usr/bin/cmake --install /home/iremcagin/ros2_hw1_ws/build/assignment1
[0.772s] -- Install configuration: ""
[0.773s] -- Execute custom install script
[0.773s] -- Symlinking: /home/iremcagin/ros2_hw1_ws/install/assignment1/share/assignment1/environment/pythonpath.sh
[0.781s] -- Symlinking: /home/iremcagin/ros2_hw1_ws/install/assignment1/share/assignment1/environment/pythonpath.dsv
[0.789s] -- Symlinking: /home/iremcagin/ros2_hw1_ws/install/assignment1/lib/python3.8/site-packages/assignment1/__init__.py
[0.797s] -- Symlinking: /home/iremcagin/ros2_hw1_ws/install/assignment1/lib/assignment1/cleaner.py
[0.805s] -- Symlinking: /home/iremcagin/ros2_hw1_ws/install/assignment1/lib/assignment1/tracker.py
[0.813s] -- Symlinking: /home/iremcagin/ros2_hw1_ws/install/assignment1/share/assignment1//launch/assignment1.launch.py
[0.821s] -- Symlinking: /home/iremcagin/ros2_hw1_ws/install/assignment1/share/ament_index/resource_index/package_run_dependencies/assignment1
[0.829s] -- Symlinking: /home/iremcagin/ros2_hw1_ws/install/assignment1/share/ament_index/resource_index/parent_prefix_path/assignment1
[0.837s] -- Symlinking: /home/iremcagin/ros2_hw1_ws/install/assignment1/share/assignment1/environment/ament_prefix_path.sh
[0.845s] -- Symlinking: /home/iremcagin/ros2_hw1_ws/install/assignment1/share/assignment1/environment/ament_prefix_path.dsv
[0.853s] -- Symlinking: /home/iremcagin/ros2_hw1_ws/install/assignment1/share/assignment1/environment/path.sh
[0.861s] -- Symlinking: /home/iremcagin/ros2_hw1_ws/install/assignment1/share/assignment1/environment/path.dsv
[0.869s] -- Symlinking: /home/iremcagin/ros2_hw1_ws/install/assignment1/share/assignment1/local_setup.bash
[0.877s] -- Symlinking: /home/iremcagin/ros2_hw1_ws/install/assignment1/share/assignment1/local_setup.sh
[0.886s] -- Symlinking: /home/iremcagin/ros2_hw1_ws/install/assignment1/share/assignment1/local_setup.zsh
[0.894s] -- Symlinking: /home/iremcagin/ros2_hw1_ws/install/assignment1/share/assignment1/local_setup.dsv
[0.902s] -- Symlinking: /home/iremcagin/ros2_hw1_ws/install/assignment1/share/assignment1/package.dsv
[0.910s] -- Symlinking: /home/iremcagin/ros2_hw1_ws/install/assignment1/share/ament_index/resource_index/packages/assignment1
[0.918s] -- Symlinking: /home/iremcagin/ros2_hw1_ws/install/assignment1/share/assignment1/cmake/assignment1Config.cmake
[0.926s] -- Symlinking: /home/iremcagin/ros2_hw1_ws/install/assignment1/share/assignment1/cmake/assignment1Config-version.cmake
[0.934s] -- Symlinking: /home/iremcagin/ros2_hw1_ws/install/assignment1/share/assignment1/package.xml
[0.967s] Listing '/home/iremcagin/ros2_hw1_ws/install/assignment1/lib/python3.8/site-packages/assignment1'...
[0.972s] Invoked command in '/home/iremcagin/ros2_hw1_ws/build/assignment1' returned '0': CMAKE_PREFIX_PATH=${CMAKE_PREFIX_PATH}:/opt/ros/foxy /usr/bin/cmake --install /home/iremcagin/ros2_hw1_ws/build/assignment1
